150313 14:44:45  InnoDB: Database was not shut down normally!
InnoDB: Starting crash recovery.
InnoDB: Reading tablespace information from the .ibd files...
InnoDB: Restoring possible half-written data pages from the doublewrite
InnoDB: buffer...
150313 14:44:46  InnoDB: Starting log scan based on checkpoint at
InnoDB: log sequence number 0 5263958.
InnoDB: Doing recovery: scanned up to log sequence number 0 5263958
150313 14:44:46  InnoDB: Started; log sequence number 0 5263958
150313 14:44:46 [Note] mysqld: ready for connections.
Version: '5.0.22-community'  socket: ''  port: 3306  MySQL Community Edition (GPL)
150318 16:03:27  InnoDB: Database was not shut down normally!
InnoDB: Starting crash recovery.
InnoDB: Reading tablespace information from the .ibd files...
InnoDB: Restoring possible half-written data pages from the doublewrite
InnoDB: buffer...
150318 16:03:27  InnoDB: Starting log scan based on checkpoint at
InnoDB: log sequence number 0 6617129.
InnoDB: Doing recovery: scanned up to log sequence number 0 6617129
150318 16:03:28  InnoDB: Started; log sequence number 0 6617129
150318 16:03:28 [Note] mysqld: ready for connections.
Version: '5.0.22-community'  socket: ''  port: 3306  MySQL Community Edition (GPL)
